# JRE version: OpenJDK Runtime Environment (11.0.11+9) (build 11.0.11+9-b60-7590822)
# Java VM: OpenJDK 64-Bit Server VM (11.0.11+9-b60-7590822, mixed mode, tiered, compressed oops, g1 gc, windows-amd64)
Heap:
 garbage-first heap   total 542720K, used 279040K [0x0000000080000000, 0x0000000100000000)
  region size 1024K, 2 young (2048K), 2 survivors (2048K)
 Metaspace       used 121636K, capacity 124639K, committed 124844K, reserved 1157120K
  class space    used 15364K, capacity 16472K, committed 16588K, reserved 1048576K
GC Heap History (20 events):
Event: 25.671 GC heap after
{Heap after GC invocations=44 (full 0):
 garbage-first heap   total 239616K, used 192596K [0x0000000080000000, 0x0000000100000000)
  region size 1024K, 1 young (1024K), 1 survivors (1024K)
 Metaspace       used 119944K, capacity 122794K, committed 123052K, reserved 1157120K
  class space    used 15135K, capacity 16208K, committed 16332K, reserved 1048576K
}
Event: 25.891 GC heap before
{Heap before GC invocations=45 (full 0):
 garbage-first heap   total 239616K, used 205908K [0x0000000080000000, 0x0000000100000000)
  region size 1024K, 14 young (14336K), 1 survivors (1024K)
 Metaspace       used 120742K, capacity 123703K, committed 123948K, reserved 1157120K
  class space    used 15255K, capacity 16338K, committed 16460K, reserved 1048576K
}
Event: 25.895 GC heap after
{Heap after GC invocations=46 (full 0):
 garbage-first heap   total 239616K, used 193582K [0x0000000080000000, 0x0000000100000000)
  region size 1024K, 2 young (2048K), 2 survivors (2048K)
 Metaspace       used 120742K, capacity 123703K, committed 123948K, reserved 1157120K
  class space    used 15255K, capacity 16338K, committed 16460K, reserved 1048576K
}
Event: 25.952 GC heap before
{Heap before GC invocations=46 (full 0):
 garbage-first heap   total 239616K, used 202798K [0x0000000080000000, 0x0000000100000000)
  region size 1024K, 11 young (11264K), 2 survivors (2048K)
 Metaspace       used 120803K, capacity 123708K, committed 123948K, reserved 1157120K
  class space    used 15255K, capacity 16338K, committed 16460K, reserved 1048576K
}
Event: 25.960 GC heap after
{Heap after GC invocations=47 (full 0):
 garbage-first heap   total 239616K, used 195987K [0x0000000080000000, 0x0000000100000000)
  region size 1024K, 2 young (2048K), 2 survivors (2048K)
 Metaspace       used 120803K, capacity 123708K, committed 123948K, reserved 1157120K
  class space    used 15255K, capacity 16338K, committed 16460K, reserved 1048576K
}
Event: 25.983 GC heap before
{Heap before GC invocations=47 (full 0):
 garbage-first heap   total 239616K, used 205203K [0x0000000080000000, 0x0000000100000000)
  region size 1024K, 11 young (11264K), 2 survivors (2048K)
 Metaspace       used 120803K, capacity 123708K, committed 123948K, reserved 1157120K
  class space    used 15255K, capacity 16338K, committed 16460K, reserved 1048576K
}
Event: 25.996 GC heap after
{Heap after GC invocations=48 (full 0):
 garbage-first heap   total 239616K, used 205632K [0x0000000080000000, 0x0000000100000000)
  region size 1024K, 2 young (2048K), 2 survivors (2048K)
 Metaspace       used 120803K, capacity 123708K, committed 123948K, reserved 1157120K
  class space    used 15255K, capacity 16338K, committed 16460K, reserved 1048576K
}
Event: 26.023 GC heap before
{Heap before GC invocations=48 (full 0):
 garbage-first heap   total 239616K, used 213824K [0x0000000080000000, 0x0000000100000000)
  region size 1024K, 11 young (11264K), 2 survivors (2048K)
 Metaspace       used 120803K, capacity 123708K, committed 123948K, reserved 1157120K
  class space    used 15255K, capacity 16338K, committed 16460K, reserved 1048576K
}
Event: 26.027 GC heap after
{Heap after GC invocations=49 (full 0):
 garbage-first heap   total 239616K, used 214837K [0x0000000080000000, 0x0000000100000000)
  region size 1024K, 2 young (2048K), 2 survivors (2048K)
 Metaspace       used 120803K, capacity 123708K, committed 123948K, reserved 1157120K
  class space    used 15255K, capacity 16338K, committed 16460K, reserved 1048576K
}
Event: 26.041 GC heap before
{Heap before GC invocations=49 (full 0):
 garbage-first heap   total 239616K, used 224053K [0x0000000080000000, 0x0000000100000000)
  region size 1024K, 11 young (11264K), 2 survivors (2048K)
 Metaspace       used 120803K, capacity 123708K, committed 123948K, reserved 1157120K
  class space    used 15255K, capacity 16338K, committed 16460K, reserved 1048576K
}
Event: 26.046 GC heap after
{Heap after GC invocations=50 (full 0):
 garbage-first heap   total 239616K, used 222024K [0x0000000080000000, 0x0000000100000000)
  region size 1024K, 2 young (2048K), 2 survivors (2048K)
 Metaspace       used 120803K, capacity 123708K, committed 123948K, reserved 1157120K
  class space    used 15255K, capacity 16338K, committed 16460K, reserved 1048576K
}
Event: 26.063 GC heap before
{Heap before GC invocations=50 (full 0):
 garbage-first heap   total 239616K, used 231240K [0x0000000080000000, 0x0000000100000000)
  region size 1024K, 11 young (11264K), 2 survivors (2048K)
 Metaspace       used 120803K, capacity 123708K, committed 123948K, reserved 1157120K
  class space    used 15255K, capacity 16338K, committed 16460K, reserved 1048576K
}
Event: 26.071 GC heap after
{Heap after GC invocations=51 (full 0):
 garbage-first heap   total 326656K, used 229376K [0x0000000080000000, 0x0000000100000000)
  region size 1024K, 2 young (2048K), 2 survivors (2048K)
 Metaspace       used 120803K, capacity 123708K, committed 123948K, reserved 1157120K
  class space    used 15255K, capacity 16338K, committed 16460K, reserved 1048576K
}
Event: 26.187 GC heap before
{Heap before GC invocations=51 (full 0):
 garbage-first heap   total 326656K, used 251904K [0x0000000080000000, 0x0000000100000000)
  region size 1024K, 24 young (24576K), 2 survivors (2048K)
 Metaspace       used 120809K, capacity 123708K, committed 123948K, reserved 1157120K
  class space    used 15255K, capacity 16338K, committed 16460K, reserved 1048576K
}
Event: 26.197 GC heap after
{Heap after GC invocations=52 (full 0):
 garbage-first heap   total 326656K, used 241662K [0x0000000080000000, 0x0000000100000000)
  region size 1024K, 3 young (3072K), 3 survivors (3072K)
 Metaspace       used 120809K, capacity 123708K, committed 123948K, reserved 1157120K
  class space    used 15255K, capacity 16338K, committed 16460K, reserved 1048576K
}
Event: 26.652 GC heap before
{Heap before GC invocations=53 (full 0):
 garbage-first heap   total 326656K, used 261118K [0x0000000080000000, 0x0000000100000000)
  region size 1024K, 22 young (22528K), 3 survivors (3072K)
 Metaspace       used 121636K, capacity 124639K, committed 124844K, reserved 1157120K
  class space    used 15364K, capacity 16472K, committed 16588K, reserved 1048576K
}
Event: 26.659 GC heap after
{Heap after GC invocations=54 (full 0):
 garbage-first heap   total 326656K, used 247270K [0x0000000080000000, 0x0000000100000000)
  region size 1024K, 3 young (3072K), 3 survivors (3072K)
 Metaspace       used 121636K, capacity 124639K, committed 124844K, reserved 1157120K
  class space    used 15364K, capacity 16472K, committed 16588K, reserved 1048576K
}
Event: 26.707 GC heap before
{Heap before GC invocations=54 (full 0):
 garbage-first heap   total 326656K, used 265702K [0x0000000080000000, 0x0000000100000000)
  region size 1024K, 21 young (21504K), 3 survivors (3072K)
 Metaspace       used 121636K, capacity 124639K, committed 124844K, reserved 1157120K
  class space    used 15364K, capacity 16472K, committed 16588K, reserved 1048576K
}
Event: 26.718 GC heap after
{Heap after GC invocations=55 (full 0):
 garbage-first heap   total 326656K, used 266240K [0x0000000080000000, 0x0000000100000000)
  region size 1024K, 3 young (3072K), 3 survivors (3072K)
 Metaspace       used 121636K, capacity 124639K, committed 124844K, reserved 1157120K
  class space    used 15364K, capacity 16472K, committed 16588K, reserved 1048576K
}
Event: 26.735 GC heap before
{Heap before GC invocations=55 (full 0):
 garbage-first heap   total 326656K, used 278528K [0x0000000080000000, 0x0000000100000000)
  region size 1024K, 15 young (15360K), 3 survivors (3072K)
 Metaspace       used 121636K, capacity 124639K, committed 124844K, reserved 1157120K
  class space    used 15364K, capacity 16472K, committed 16588K, reserved 1048576K
}

