# JRE version: OpenJDK Runtime Environment (11.0.11+9) (build 11.0.11+9-b60-7590822)
# Java VM: OpenJDK 64-Bit Server VM (11.0.11+9-b60-7590822, mixed mode, tiered, compressed oops, g1 gc, windows-amd64)
Heap:
 garbage-first heap   total 669696K, used 274432K [0x0000000080000000, 0x0000000100000000)
  region size 1024K, 4 young (4096K), 4 survivors (4096K)
 Metaspace       used 140320K, capacity 144035K, committed 144112K, reserved 1175552K
  class space    used 17677K, capacity 19121K, committed 19148K, reserved 1048576K
GC Heap History (20 events):
Event: 4368.807 GC heap after
{Heap after GC invocations=127 (full 0):
 garbage-first heap   total 199680K, used 158133K [0x0000000080000000, 0x0000000100000000)
  region size 1024K, 2 young (2048K), 2 survivors (2048K)
 Metaspace       used 131055K, capacity 134594K, committed 134768K, reserved 1167360K
  class space    used 16471K, capacity 17863K, committed 17996K, reserved 1048576K
}
Event: 4368.835 GC heap before
{Heap before GC invocations=127 (full 0):
 garbage-first heap   total 199680K, used 165301K [0x0000000080000000, 0x0000000100000000)
  region size 1024K, 9 young (9216K), 2 survivors (2048K)
 Metaspace       used 131057K, capacity 134594K, committed 134768K, reserved 1167360K
  class space    used 16471K, capacity 17863K, committed 17996K, reserved 1048576K
}
Event: 4368.845 GC heap after
{Heap after GC invocations=128 (full 0):
 garbage-first heap   total 280576K, used 163840K [0x0000000080000000, 0x0000000100000000)
  region size 1024K, 2 young (2048K), 2 survivors (2048K)
 Metaspace       used 131057K, capacity 134594K, committed 134768K, reserved 1167360K
  class space    used 16471K, capacity 17863K, committed 17996K, reserved 1048576K
}
Event: 4369.960 GC heap before
{Heap before GC invocations=129 (full 0):
 garbage-first heap   total 280576K, used 198656K [0x0000000080000000, 0x0000000100000000)
  region size 1024K, 36 young (36864K), 2 survivors (2048K)
 Metaspace       used 132385K, capacity 135999K, committed 136176K, reserved 1167360K
  class space    used 16631K, capacity 18031K, committed 18124K, reserved 1048576K
}
Event: 4369.983 GC heap after
{Heap after GC invocations=130 (full 0):
 garbage-first heap   total 280576K, used 180121K [0x0000000080000000, 0x0000000100000000)
  region size 1024K, 5 young (5120K), 5 survivors (5120K)
 Metaspace       used 132385K, capacity 135999K, committed 136176K, reserved 1167360K
  class space    used 16631K, capacity 18031K, committed 18124K, reserved 1048576K
}
Event: 4370.057 GC heap before
{Heap before GC invocations=130 (full 0):
 garbage-first heap   total 280576K, used 184217K [0x0000000080000000, 0x0000000100000000)
  region size 1024K, 10 young (10240K), 5 survivors (5120K)
 Metaspace       used 132805K, capacity 136415K, committed 136560K, reserved 1167360K
  class space    used 16732K, capacity 18127K, committed 18252K, reserved 1048576K
}
Event: 4370.070 GC heap after
{Heap after GC invocations=131 (full 0):
 garbage-first heap   total 280576K, used 183513K [0x0000000080000000, 0x0000000100000000)
  region size 1024K, 3 young (3072K), 3 survivors (3072K)
 Metaspace       used 132805K, capacity 136415K, committed 136560K, reserved 1167360K
  class space    used 16732K, capacity 18127K, committed 18252K, reserved 1048576K
}
Event: 4370.676 GC heap before
{Heap before GC invocations=131 (full 0):
 garbage-first heap   total 280576K, used 211161K [0x0000000080000000, 0x0000000100000000)
  region size 1024K, 27 young (27648K), 3 survivors (3072K)
 Metaspace       used 135798K, capacity 139382K, committed 139504K, reserved 1171456K
  class space    used 17135K, capacity 18558K, committed 18636K, reserved 1048576K
}
Event: 4370.680 GC heap after
{Heap after GC invocations=132 (full 0):
 garbage-first heap   total 280576K, used 189768K [0x0000000080000000, 0x0000000100000000)
  region size 1024K, 4 young (4096K), 4 survivors (4096K)
 Metaspace       used 135798K, capacity 139382K, committed 139504K, reserved 1171456K
  class space    used 17135K, capacity 18558K, committed 18636K, reserved 1048576K
}
Event: 4371.626 GC heap before
{Heap before GC invocations=133 (full 0):
 garbage-first heap   total 280576K, used 214344K [0x0000000080000000, 0x0000000100000000)
  region size 1024K, 29 young (29696K), 4 survivors (4096K)
 Metaspace       used 138499K, capacity 142214K, committed 142320K, reserved 1173504K
  class space    used 17457K, capacity 18859K, committed 18892K, reserved 1048576K
}
Event: 4371.639 GC heap after
{Heap after GC invocations=134 (full 0):
 garbage-first heap   total 280576K, used 193726K [0x0000000080000000, 0x0000000100000000)
  region size 1024K, 4 young (4096K), 4 survivors (4096K)
 Metaspace       used 138499K, capacity 142214K, committed 142320K, reserved 1173504K
  class space    used 17457K, capacity 18859K, committed 18892K, reserved 1048576K
}
Event: 4371.696 GC heap before
{Heap before GC invocations=134 (full 0):
 garbage-first heap   total 280576K, used 202942K [0x0000000080000000, 0x0000000100000000)
  region size 1024K, 13 young (13312K), 4 survivors (4096K)
 Metaspace       used 138499K, capacity 142214K, committed 142320K, reserved 1173504K
  class space    used 17457K, capacity 18859K, committed 18892K, reserved 1048576K
}
Event: 4371.715 GC heap after
{Heap after GC invocations=135 (full 0):
 garbage-first heap   total 343040K, used 200447K [0x0000000080000000, 0x0000000100000000)
  region size 1024K, 2 young (2048K), 2 survivors (2048K)
 Metaspace       used 138499K, capacity 142214K, committed 142320K, reserved 1173504K
  class space    used 17457K, capacity 18859K, committed 18892K, reserved 1048576K
}
Event: 4371.821 GC heap before
{Heap before GC invocations=135 (full 0):
 garbage-first heap   total 343040K, used 241407K [0x0000000080000000, 0x0000000100000000)
  region size 1024K, 42 young (43008K), 2 survivors (2048K)
 Metaspace       used 138501K, capacity 142214K, committed 142320K, reserved 1173504K
  class space    used 17457K, capacity 18859K, committed 18892K, reserved 1048576K
}
Event: 4371.910 GC heap after
{Heap after GC invocations=136 (full 0):
 garbage-first heap   total 343040K, used 232942K [0x0000000080000000, 0x0000000100000000)
  region size 1024K, 6 young (6144K), 6 survivors (6144K)
 Metaspace       used 138501K, capacity 142214K, committed 142320K, reserved 1173504K
  class space    used 17457K, capacity 18859K, committed 18892K, reserved 1048576K
}
Event: 4374.023 GC heap before
{Heap before GC invocations=137 (full 0):
 garbage-first heap   total 343040K, used 261614K [0x0000000080000000, 0x0000000100000000)
  region size 1024K, 34 young (34816K), 6 survivors (6144K)
 Metaspace       used 140320K, capacity 144035K, committed 144112K, reserved 1175552K
  class space    used 17677K, capacity 19121K, committed 19148K, reserved 1048576K
}
Event: 4374.077 GC heap after
{Heap after GC invocations=138 (full 0):
 garbage-first heap   total 343040K, used 239104K [0x0000000080000000, 0x0000000100000000)
  region size 1024K, 5 young (5120K), 5 survivors (5120K)
 Metaspace       used 140320K, capacity 144035K, committed 144112K, reserved 1175552K
  class space    used 17677K, capacity 19121K, committed 19148K, reserved 1048576K
}
Event: 4374.120 GC heap before
{Heap before GC invocations=138 (full 0):
 garbage-first heap   total 343040K, used 250368K [0x0000000080000000, 0x0000000100000000)
  region size 1024K, 16 young (16384K), 5 survivors (5120K)
 Metaspace       used 140320K, capacity 144035K, committed 144112K, reserved 1175552K
  class space    used 17677K, capacity 19121K, committed 19148K, reserved 1048576K
}
Event: 4374.135 GC heap after
{Heap after GC invocations=139 (full 0):
 garbage-first heap   total 343040K, used 250368K [0x0000000080000000, 0x0000000100000000)
  region size 1024K, 2 young (2048K), 2 survivors (2048K)
 Metaspace       used 140320K, capacity 144035K, committed 144112K, reserved 1175552K
  class space    used 17677K, capacity 19121K, committed 19148K, reserved 1048576K
}
Event: 4374.174 GC heap before
{Heap before GC invocations=139 (full 0):
 garbage-first heap   total 343040K, used 273920K [0x0000000080000000, 0x0000000100000000)
  region size 1024K, 25 young (25600K), 2 survivors (2048K)
 Metaspace       used 140320K, capacity 144035K, committed 144112K, reserved 1175552K
  class space    used 17677K, capacity 19121K, committed 19148K, reserved 1048576K
}

